Summary of SPARK analysis
=========================

--------------------------------------------------------------------------------------------------------
SPARK Analysis results        Total       Flow   Interval   CodePeer      Provers   Justified   Unproved
--------------------------------------------------------------------------------------------------------
Data Dependencies                 .          .          .          .            .           .          .
Flow Dependencies                 .          .          .          .            .           .          .
Initialization                    6          6          .          .            .           .          .
Non-Aliasing                      .          .          .          .            .           .          .
Run-time Checks                  17          .          .          .    17 (CVC4)           .          .
Assertions                        8          .          .          .     8 (CVC4)           .          .
Functional Contracts              2          .          .          .     2 (CVC4)           .          .
LSP Verification                  .          .          .          .            .           .          .
--------------------------------------------------------------------------------------------------------
Total                            33    6 (18%)          .          .     27 (82%)           .          .


Analyzed 1 unit
in unit selection, 3 subprograms and packages out of 3 analyzed
  selection at selection.ads:1 flow analyzed (0 errors, 0 checks and 0 warnings) and proved (0 checks)
  selection.Sort at selection.ads:10 flow analyzed (0 errors, 0 checks and 0 warnings) and proved (23 checks)
  selection.Sorted at selection.ads:4 flow analyzed (0 errors, 0 checks and 0 warnings) and proved (4 checks)
